{"/Users/matiasgaratortiz/Github/poa-poba/server/app.js": {"path":"/Users/matiasgaratortiz/Github/poa-poba/server/app.js","statementMap":{"0":{"start":{"line":1,"column":0},"end":{"line":1,"column":26}},"1":{"start":{"line":3,"column":16},"end":{"line":3,"column":34}},"2":{"start":{"line":4,"column":19},"end":{"line":4,"column":41}},"3":{"start":{"line":5,"column":15},"end":{"line":5,"column":38}},"4":{"start":{"line":7,"column":12},"end":{"line":7,"column":21}},"5":{"start":{"line":9,"column":0},"end":{"line":9,"column":33}},"6":{"start":{"line":10,"column":0},"end":{"line":10,"column":26}},"7":{"start":{"line":12,"column":0},"end":{"line":12,"column":24}},"8":{"start":{"line":15,"column":0},"end":{"line":20,"column":2}},"9":{"start":{"line":16,"column":2},"end":{"line":19,"column":4}},"10":{"start":{"line":22,"column":0},"end":{"line":36,"column":2}},"11":{"start":{"line":23,"column":17},"end":{"line":23,"column":34}},"12":{"start":{"line":24,"column":2},"end":{"line":30,"column":3}},"13":{"start":{"line":25,"column":4},"end":{"line":25,"column":29}},"14":{"start":{"line":26,"column":4},"end":{"line":26,"column":21}},"15":{"start":{"line":28,"column":4},"end":{"line":28,"column":28}},"16":{"start":{"line":29,"column":4},"end":{"line":29,"column":20}},"17":{"start":{"line":31,"column":2},"end":{"line":35,"column":4}},"18":{"start":{"line":38,"column":0},"end":{"line":38,"column":20}}},"fnMap":{"0":{"name":"(anonymous_0)","decl":{"start":{"line":15,"column":8},"end":{"line":15,"column":9}},"loc":{"start":{"line":15,"column":22},"end":{"line":20,"column":1}},"line":15},"1":{"name":"(anonymous_1)","decl":{"start":{"line":22,"column":8},"end":{"line":22,"column":9}},"loc":{"start":{"line":22,"column":27},"end":{"line":36,"column":1}},"line":22}},"branchMap":{"0":{"loc":{"start":{"line":23,"column":17},"end":{"line":23,"column":34}},"type":"binary-expr","locations":[{"start":{"line":23,"column":17},"end":{"line":23,"column":27}},{"start":{"line":23,"column":31},"end":{"line":23,"column":34}}],"line":23},"1":{"loc":{"start":{"line":24,"column":2},"end":{"line":30,"column":3}},"type":"if","locations":[{"start":{"line":24,"column":2},"end":{"line":30,"column":3}},{"start":{"line":24,"column":2},"end":{"line":30,"column":3}}],"line":24},"2":{"loc":{"start":{"line":33,"column":11},"end":{"line":33,"column":67}},"type":"cond-expr","locations":[{"start":{"line":33,"column":51},"end":{"line":33,"column":55}},{"start":{"line":33,"column":58},"end":{"line":33,"column":67}}],"line":33},"3":{"loc":{"start":{"line":34,"column":29},"end":{"line":34,"column":46}},"type":"binary-expr","locations":[{"start":{"line":34,"column":29},"end":{"line":34,"column":39}},{"start":{"line":34,"column":43},"end":{"line":34,"column":46}}],"line":34}},"s":{"0":1,"1":1,"2":1,"3":1,"4":1,"5":1,"6":1,"7":1,"8":1,"9":2,"10":1,"11":0,"12":0,"13":0,"14":0,"15":0,"16":0,"17":0,"18":1},"f":{"0":2,"1":0},"b":{"0":[0,0],"1":[0,0],"2":[0,0],"3":[0,0]},"_coverageSchema":"332fd63041d2c1bcb487cc26dd0d5f7d97098a6c","hash":"c3d55a9e45f98fde817048f3827844c470c547a5"}
,"/Users/matiasgaratortiz/Github/poa-poba/server/index.js": {"path":"/Users/matiasgaratortiz/Github/poa-poba/server/index.js","statementMap":{"0":{"start":{"line":1,"column":0},"end":{"line":null,"column":-1}},"1":{"start":{"line":3,"column":12},"end":{"line":3,"column":0}},"2":{"start":{"line":4,"column":15},"end":{"line":4,"column":0}},"3":{"start":{"line":6,"column":13},"end":{"line":6,"column":0}},"4":{"start":{"line":7,"column":0},"end":{"line":null,"column":-1}},"5":{"start":{"line":8,"column":2},"end":{"line":null,"column":-1}}},"fnMap":{"0":{"name":"(anonymous_0)","decl":{"start":{"line":7,"column":17},"end":{"line":7,"column":22}},"loc":{"start":{"line":7,"column":23},"end":{"line":7,"column":0}}}},"branchMap":{"0":{"loc":{"start":{"line":6,"column":13},"end":{"line":6,"column":12}},"type":"binary-expr","locations":[{"start":{"line":6,"column":13},"end":{"line":6,"column":12}},{"start":{"line":6,"column":33},"end":{"line":6,"column":0}}]}},"s":{"0":0,"1":0,"2":0,"3":0,"4":0,"5":0},"f":{"0":0},"b":{"0":[0,0]}}
,"/Users/matiasgaratortiz/Github/poa-poba/server/controllers/txData.js": {"path":"/Users/matiasgaratortiz/Github/poa-poba/server/controllers/txData.js","statementMap":{"0":{"start":{"line":1,"column":20},"end":{"line":1,"column":43}},"1":{"start":{"line":2,"column":15},"end":{"line":2,"column":39}},"2":{"start":{"line":4,"column":28},"end":{"line":14,"column":1}},"3":{"start":{"line":5,"column":24},"end":{"line":5,"column":68}},"4":{"start":{"line":6,"column":2},"end":{"line":12,"column":3}},"5":{"start":{"line":7,"column":4},"end":{"line":7,"column":88}},"6":{"start":{"line":8,"column":4},"end":{"line":11,"column":6}},"7":{"start":{"line":13,"column":2},"end":{"line":13,"column":22}},"8":{"start":{"line":16,"column":16},"end":{"line":26,"column":1}},"9":{"start":{"line":17,"column":19},"end":{"line":17,"column":57}},"10":{"start":{"line":18,"column":2},"end":{"line":24,"column":3}},"11":{"start":{"line":19,"column":4},"end":{"line":19,"column":80}},"12":{"start":{"line":20,"column":4},"end":{"line":23,"column":6}},"13":{"start":{"line":25,"column":2},"end":{"line":25,"column":17}},"14":{"start":{"line":28,"column":23},"end":{"line":35,"column":1}},"15":{"start":{"line":29,"column":2},"end":{"line":34,"column":3}},"16":{"start":{"line":30,"column":26},"end":{"line":30,"column":58}},"17":{"start":{"line":31,"column":4},"end":{"line":31,"column":37}},"18":{"start":{"line":33,"column":4},"end":{"line":33,"column":12}},"19":{"start":{"line":37,"column":23},"end":{"line":48,"column":1}},"20":{"start":{"line":38,"column":2},"end":{"line":47,"column":3}},"21":{"start":{"line":39,"column":24},"end":{"line":39,"column":50}},"22":{"start":{"line":40,"column":4},"end":{"line":40,"column":52}},"23":{"start":{"line":41,"column":24},"end":{"line":41,"column":35}},"24":{"start":{"line":42,"column":24},"end":{"line":42,"column":42}},"25":{"start":{"line":43,"column":4},"end":{"line":43,"column":52}},"26":{"start":{"line":44,"column":4},"end":{"line":44,"column":22}},"27":{"start":{"line":46,"column":4},"end":{"line":46,"column":12}},"28":{"start":{"line":50,"column":0},"end":{"line":53,"column":1}}},"fnMap":{"0":{"name":"(anonymous_0)","decl":{"start":{"line":4,"column":28},"end":{"line":4,"column":29}},"loc":{"start":{"line":4,"column":43},"end":{"line":14,"column":1}},"line":4},"1":{"name":"(anonymous_1)","decl":{"start":{"line":16,"column":16},"end":{"line":16,"column":17}},"loc":{"start":{"line":16,"column":37},"end":{"line":26,"column":1}},"line":16},"2":{"name":"(anonymous_2)","decl":{"start":{"line":28,"column":23},"end":{"line":28,"column":24}},"loc":{"start":{"line":28,"column":38},"end":{"line":35,"column":1}},"line":28},"3":{"name":"(anonymous_3)","decl":{"start":{"line":37,"column":23},"end":{"line":37,"column":24}},"loc":{"start":{"line":37,"column":44},"end":{"line":48,"column":1}},"line":37}},"branchMap":{"0":{"loc":{"start":{"line":6,"column":2},"end":{"line":12,"column":3}},"type":"if","locations":[{"start":{"line":6,"column":2},"end":{"line":12,"column":3}},{"start":{"line":6,"column":2},"end":{"line":12,"column":3}}],"line":6},"1":{"loc":{"start":{"line":18,"column":2},"end":{"line":24,"column":3}},"type":"if","locations":[{"start":{"line":18,"column":2},"end":{"line":24,"column":3}},{"start":{"line":18,"column":2},"end":{"line":24,"column":3}}],"line":18}},"s":{"0":1,"1":1,"2":1,"3":1,"4":1,"5":0,"6":0,"7":1,"8":1,"9":1,"10":1,"11":0,"12":0,"13":1,"14":1,"15":1,"16":1,"17":1,"18":0,"19":1,"20":1,"21":1,"22":1,"23":1,"24":1,"25":1,"26":1,"27":0,"28":1},"f":{"0":1,"1":1,"2":1,"3":1},"b":{"0":[0,1],"1":[0,1]},"_coverageSchema":"332fd63041d2c1bcb487cc26dd0d5f7d97098a6c","hash":"527aa5dd2279a8993be021a46e3dfbddd62734e3"}
,"/Users/matiasgaratortiz/Github/poa-poba/server/etc/logger.js": {"path":"/Users/matiasgaratortiz/Github/poa-poba/server/etc/logger.js","statementMap":{"0":{"start":{"line":1,"column":13},"end":{"line":1,"column":28}},"1":{"start":{"line":3,"column":15},"end":{"line":5,"column":2}},"2":{"start":{"line":7,"column":0},"end":{"line":7,"column":23}}},"fnMap":{},"branchMap":{},"s":{"0":2,"1":2,"2":2},"f":{},"b":{},"_coverageSchema":"332fd63041d2c1bcb487cc26dd0d5f7d97098a6c","hash":"fcd1f53de589757afe38ee873da1b041a0e4beb5"}
,"/Users/matiasgaratortiz/Github/poa-poba/server/etc/plaid.js": {"path":"/Users/matiasgaratortiz/Github/poa-poba/server/etc/plaid.js","statementMap":{"0":{"start":{"line":1,"column":14},"end":{"line":1,"column":0}},"1":{"start":{"line":3,"column":71},"end":{"line":3,"column":0}},"2":{"start":{"line":4,"column":20},"end":{"line":4,"column":0}},"3":{"start":{"line":11,"column":0},"end":{"line":null,"column":-1}}},"fnMap":{},"branchMap":{},"s":{"0":0,"1":0,"2":0,"3":0},"f":{},"b":{}}
,"/Users/matiasgaratortiz/Github/poa-poba/server/routes/get-tx-data.js": {"path":"/Users/matiasgaratortiz/Github/poa-poba/server/routes/get-tx-data.js","statementMap":{"0":{"start":{"line":1,"column":19},"end":{"line":1,"column":37}},"1":{"start":{"line":3,"column":15},"end":{"line":3,"column":27}},"2":{"start":{"line":4,"column":13},"end":{"line":4,"column":28}},"3":{"start":{"line":5,"column":25},"end":{"line":5,"column":57}},"4":{"start":{"line":7,"column":15},"end":{"line":7,"column":39}},"5":{"start":{"line":9,"column":24},"end":{"line":9,"column":35}},"6":{"start":{"line":10,"column":13},"end":{"line":10,"column":23}},"7":{"start":{"line":12,"column":0},"end":{"line":38,"column":2}},"8":{"start":{"line":13,"column":32},"end":{"line":13,"column":40}},"9":{"start":{"line":14,"column":2},"end":{"line":14,"column":54}},"10":{"start":{"line":15,"column":20},"end":{"line":35,"column":3}},"11":{"start":{"line":16,"column":4},"end":{"line":34,"column":5}},"12":{"start":{"line":17,"column":6},"end":{"line":21,"column":10}},"13":{"start":{"line":18,"column":8},"end":{"line":21,"column":10}},"14":{"start":{"line":22,"column":6},"end":{"line":26,"column":10}},"15":{"start":{"line":23,"column":8},"end":{"line":26,"column":10}},"16":{"start":{"line":27,"column":26},"end":{"line":27,"column":70}},"17":{"start":{"line":28,"column":26},"end":{"line":28,"column":76}},"18":{"start":{"line":29,"column":19},"end":{"line":29,"column":89}},"19":{"start":{"line":30,"column":26},"end":{"line":30,"column":67}},"20":{"start":{"line":31,"column":6},"end":{"line":31,"column":40}},"21":{"start":{"line":33,"column":6},"end":{"line":33,"column":12}},"22":{"start":{"line":37,"column":2},"end":{"line":37,"column":20}},"23":{"start":{"line":40,"column":0},"end":{"line":40,"column":23}}},"fnMap":{"0":{"name":"(anonymous_0)","decl":{"start":{"line":12,"column":17},"end":{"line":12,"column":18}},"loc":{"start":{"line":12,"column":37},"end":{"line":38,"column":1}},"line":12},"1":{"name":"(anonymous_1)","decl":{"start":{"line":15,"column":20},"end":{"line":15,"column":21}},"loc":{"start":{"line":15,"column":32},"end":{"line":35,"column":3}},"line":15}},"branchMap":{"0":{"loc":{"start":{"line":17,"column":6},"end":{"line":21,"column":10}},"type":"if","locations":[{"start":{"line":17,"column":6},"end":{"line":21,"column":10}},{"start":{"line":17,"column":6},"end":{"line":21,"column":10}}],"line":17},"1":{"loc":{"start":{"line":22,"column":6},"end":{"line":26,"column":10}},"type":"if","locations":[{"start":{"line":22,"column":6},"end":{"line":26,"column":10}},{"start":{"line":22,"column":6},"end":{"line":26,"column":10}}],"line":22}},"s":{"0":1,"1":1,"2":1,"3":1,"4":1,"5":1,"6":1,"7":1,"8":3,"9":3,"10":3,"11":3,"12":3,"13":1,"14":2,"15":1,"16":1,"17":1,"18":1,"19":1,"20":1,"21":2,"22":3,"23":1},"f":{"0":3,"1":3},"b":{"0":[1,2],"1":[1,1]},"_coverageSchema":"332fd63041d2c1bcb487cc26dd0d5f7d97098a6c","hash":"03a531bb1a8e35d04319656a68e88836f8c4ec8d"}
,"/Users/matiasgaratortiz/Github/poa-poba/server/routes/index.js": {"path":"/Users/matiasgaratortiz/Github/poa-poba/server/routes/index.js","statementMap":{"0":{"start":{"line":1,"column":11},"end":{"line":1,"column":24}},"1":{"start":{"line":2,"column":13},"end":{"line":2,"column":28}},"2":{"start":{"line":4,"column":17},"end":{"line":4,"column":47}},"3":{"start":{"line":5,"column":15},"end":{"line":5,"column":39}},"4":{"start":{"line":7,"column":18},"end":{"line":18,"column":1}},"5":{"start":{"line":8,"column":2},"end":{"line":17,"column":6}},"6":{"start":{"line":10,"column":20},"end":{"line":10,"column":92}},"7":{"start":{"line":11,"column":17},"end":{"line":11,"column":40}},"8":{"start":{"line":14,"column":20},"end":{"line":14,"column":40}},"9":{"start":{"line":15,"column":6},"end":{"line":15,"column":36}},"10":{"start":{"line":16,"column":6},"end":{"line":16,"column":51}},"11":{"start":{"line":20,"column":0},"end":{"line":20,"column":26}}},"fnMap":{"0":{"name":"(anonymous_0)","decl":{"start":{"line":7,"column":18},"end":{"line":7,"column":19}},"loc":{"start":{"line":7,"column":25},"end":{"line":18,"column":1}},"line":7},"1":{"name":"(anonymous_1)","decl":{"start":{"line":10,"column":12},"end":{"line":10,"column":13}},"loc":{"start":{"line":10,"column":20},"end":{"line":10,"column":92}},"line":10},"2":{"name":"(anonymous_2)","decl":{"start":{"line":11,"column":9},"end":{"line":11,"column":10}},"loc":{"start":{"line":11,"column":17},"end":{"line":11,"column":40}},"line":11},"3":{"name":"(anonymous_3)","decl":{"start":{"line":12,"column":13},"end":{"line":12,"column":14}},"loc":{"start":{"line":12,"column":21},"end":{"line":17,"column":5}},"line":12}},"branchMap":{"0":{"loc":{"start":{"line":10,"column":20},"end":{"line":10,"column":92}},"type":"binary-expr","locations":[{"start":{"line":10,"column":20},"end":{"line":10,"column":43}},{"start":{"line":10,"column":47},"end":{"line":10,"column":64}},{"start":{"line":10,"column":68},"end":{"line":10,"column":92}}],"line":10}},"s":{"0":1,"1":1,"2":1,"3":1,"4":1,"5":1,"6":2,"7":1,"8":1,"9":1,"10":1,"11":1},"f":{"0":1,"1":2,"2":1,"3":1},"b":{"0":[2,2,1]},"_coverageSchema":"332fd63041d2c1bcb487cc26dd0d5f7d97098a6c","hash":"4d95830b6f110eed57ef253e23d7843ecc5371b3"}
,"/Users/matiasgaratortiz/Github/poa-poba/server/tests/utils/mocks.js": {"path":"/Users/matiasgaratortiz/Github/poa-poba/server/tests/utils/mocks.js","statementMap":{"0":{"start":{"line":1,"column":13},"end":{"line":52,"column":1}},"1":{"start":{"line":54,"column":0},"end":{"line":54,"column":21}}},"fnMap":{},"branchMap":{},"s":{"0":1,"1":1},"f":{},"b":{},"_coverageSchema":"332fd63041d2c1bcb487cc26dd0d5f7d97098a6c","hash":"de787671e414425ddc0b0d88c67a4e328516c5c6"}
}
