TN:
SF:/Users/matiasgaratortiz/Github/poa-poba/server/app.js
FN:15,(anonymous_0)
FN:22,(anonymous_1)
FNF:2
FNH:1
FNDA:2,(anonymous_0)
FNDA:0,(anonymous_1)
DA:1,1
DA:3,1
DA:4,1
DA:5,1
DA:7,1
DA:9,1
DA:10,1
DA:12,1
DA:15,1
DA:16,2
DA:22,1
DA:23,0
DA:24,0
DA:25,0
DA:26,0
DA:28,0
DA:29,0
DA:31,0
DA:38,1
LF:19
LH:12
BRDA:23,0,0,0
BRDA:23,0,1,0
BRDA:24,1,0,0
BRDA:24,1,1,0
BRDA:33,2,0,0
BRDA:33,2,1,0
BRDA:34,3,0,0
BRDA:34,3,1,0
BRF:8
BRH:0
end_of_record
TN:
SF:/Users/matiasgaratortiz/Github/poa-poba/server/index.js
FN:7,(anonymous_0)
FNF:1
FNH:0
FNDA:0,(anonymous_0)
DA:1,0
DA:3,0
DA:4,0
DA:6,0
DA:7,0
DA:8,0
LF:6
LH:0
BRDA:6,0,0,0
BRDA:6,0,1,0
BRF:2
BRH:0
end_of_record
TN:
SF:/Users/matiasgaratortiz/Github/poa-poba/server/controllers/txData.js
FN:4,(anonymous_0)
FN:16,(anonymous_1)
FN:28,(anonymous_2)
FN:37,(anonymous_3)
FNF:4
FNH:4
FNDA:1,(anonymous_0)
FNDA:1,(anonymous_1)
FNDA:1,(anonymous_2)
FNDA:1,(anonymous_3)
DA:1,1
DA:2,1
DA:4,1
DA:5,1
DA:6,1
DA:7,0
DA:8,0
DA:13,1
DA:16,1
DA:17,1
DA:18,1
DA:19,0
DA:20,0
DA:25,1
DA:28,1
DA:29,1
DA:30,1
DA:31,1
DA:33,0
DA:37,1
DA:38,1
DA:39,1
DA:40,1
DA:41,1
DA:42,1
DA:43,1
DA:44,1
DA:46,0
DA:50,1
LF:29
LH:23
BRDA:6,0,0,0
BRDA:6,0,1,1
BRDA:18,1,0,0
BRDA:18,1,1,1
BRF:4
BRH:2
end_of_record
TN:
SF:/Users/matiasgaratortiz/Github/poa-poba/server/etc/logger.js
FNF:0
FNH:0
DA:1,2
DA:3,2
DA:7,2
LF:3
LH:3
BRF:0
BRH:0
end_of_record
TN:
SF:/Users/matiasgaratortiz/Github/poa-poba/server/etc/plaid.js
FNF:0
FNH:0
DA:1,0
DA:3,0
DA:4,0
DA:11,0
LF:4
LH:0
BRF:0
BRH:0
end_of_record
TN:
SF:/Users/matiasgaratortiz/Github/poa-poba/server/routes/get-tx-data.js
FN:12,(anonymous_0)
FN:15,(anonymous_1)
FNF:2
FNH:2
FNDA:3,(anonymous_0)
FNDA:3,(anonymous_1)
DA:1,1
DA:3,1
DA:4,1
DA:5,1
DA:7,1
DA:9,1
DA:10,1
DA:12,1
DA:13,3
DA:14,3
DA:15,3
DA:16,3
DA:17,3
DA:18,1
DA:22,2
DA:23,1
DA:27,1
DA:28,1
DA:29,1
DA:30,1
DA:31,1
DA:33,2
DA:37,3
DA:40,1
LF:24
LH:24
BRDA:17,0,0,1
BRDA:17,0,1,2
BRDA:22,1,0,1
BRDA:22,1,1,1
BRF:4
BRH:4
end_of_record
TN:
SF:/Users/matiasgaratortiz/Github/poa-poba/server/routes/index.js
FN:7,(anonymous_0)
FN:10,(anonymous_1)
FN:11,(anonymous_2)
FN:12,(anonymous_3)
FNF:4
FNH:4
FNDA:1,(anonymous_0)
FNDA:2,(anonymous_1)
FNDA:1,(anonymous_2)
FNDA:1,(anonymous_3)
DA:1,1
DA:2,1
DA:4,1
DA:5,1
DA:7,1
DA:8,1
DA:10,2
DA:11,1
DA:14,1
DA:15,1
DA:16,1
DA:20,1
LF:12
LH:12
BRDA:10,0,0,2
BRDA:10,0,1,2
BRDA:10,0,2,1
BRF:3
BRH:3
end_of_record
TN:
SF:/Users/matiasgaratortiz/Github/poa-poba/server/tests/utils/mocks.js
FNF:0
FNH:0
DA:1,1
DA:54,1
LF:2
LH:2
BRF:0
BRH:0
end_of_record
